<?xml version="1.0" encoding="UTF-8"?>
<!-- Generated by org.testng.reporters.JUnitXMLReporter -->
<testsuite hostname="LQQA004" name="Default test" tests="6" failures="0" timestamp="7 Mar 2016 04:15:27 GMT" time="189.118" errors="0">
  <testcase name="freshGoodsDeliveryFee" time="18.406" classname="com.blemall.smokeTest.testcases.TestCase_05_ChargeFee"/>
  <testcase name="freshGoodsNoDeliveryFee" time="18.027" classname="com.blemall.smokeTest.testcases.TestCase_05_ChargeFee"/>
  <testcase name="normalGoodsScenario1" time="21.3" classname="com.blemall.smokeTest.testcases.TestCase_05_ChargeFee"/>
  <testcase name="normalGoodsScenario2" time="17.892" classname="com.blemall.smokeTest.testcases.TestCase_05_ChargeFee"/>
  <testcase name="normalGoodsScenario3" time="17.821" classname="com.blemall.smokeTest.testcases.TestCase_05_ChargeFee"/>
  <testcase name="normalGoodsScenario4" time="25.646" classname="com.blemall.smokeTest.testcases.TestCase_05_ChargeFee"/>
</testsuite> <!-- Default test -->
